<?xml version="1.0" encoding="UTF-8"?>
<testng-results ignored="0" total="1" passed="1" failed="0" skipped="0">
  <reporter-output>
  </reporter-output>
  <suite started-at="2024-07-15T00:59:15 EDT" name="Default suite" finished-at="2024-07-15T00:59:24 EDT" duration-ms="8923">
    <groups>
    </groups>
    <test started-at="2024-07-15T00:59:15 EDT" name="Default test" finished-at="2024-07-15T00:59:24 EDT" duration-ms="8923">
      <class name="com.Bootcamp.Easy_Part1_3SeleniumFramwork.Navigate_To_DifferentPageQ98">
        <test-method is-config="true" signature="setup()[pri:0, instance:com.Bootcamp.Easy_Part1_3SeleniumFramwork.Navigate_To_DifferentPageQ98@1a942c18]" started-at="2024-07-15T00:59:15 EDT" name="setup" finished-at="2024-07-15T00:59:22 EDT" duration-ms="7048" status="PASS">
          <reporter-output>
          </reporter-output>
        </test-method> <!-- setup -->
        <test-method signature="navigateToDifferentLink()[pri:0, instance:com.Bootcamp.Easy_Part1_3SeleniumFramwork.Navigate_To_DifferentPageQ98@1a942c18]" started-at="2024-07-15T00:59:22 EDT" name="navigateToDifferentLink" finished-at="2024-07-15T00:59:24 EDT" duration-ms="1340" status="PASS">
          <reporter-output>
          </reporter-output>
        </test-method> <!-- navigateToDifferentLink -->
        <test-method is-config="true" signature="tearDown()[pri:0, instance:com.Bootcamp.Easy_Part1_3SeleniumFramwork.Navigate_To_DifferentPageQ98@1a942c18]" started-at="2024-07-15T00:59:24 EDT" name="tearDown" finished-at="2024-07-15T00:59:24 EDT" duration-ms="474" status="PASS">
          <reporter-output>
          </reporter-output>
        </test-method> <!-- tearDown -->
      </class> <!-- com.Bootcamp.Easy_Part1_3SeleniumFramwork.Navigate_To_DifferentPageQ98 -->
    </test> <!-- Default test -->
  </suite> <!-- Default suite -->
</testng-results>
